# JRE version: Java(TM) SE Runtime Environment (8.0_241-b07) (build 1.8.0_241-b07)
# Java VM: Java HotSpot(TM) 64-Bit Server VM (25.241-b07 mixed mode windows-amd64 compressed oops)
Heap:
 PSYoungGen      total 131072K, used 44735K [0x00000000f5580000, 0x00000000fff80000, 0x0000000100000000)
  eden space 88064K, 48% used [0x00000000f5580000,0x00000000f7f3fd60,0x00000000fab80000)
  from space 43008K, 4% used [0x00000000fab80000,0x00000000fad70000,0x00000000fd580000)
  to   space 42496K, 0% used [0x00000000fd600000,0x00000000fd600000,0x00000000fff80000)
 ParOldGen       total 178176K, used 110702K [0x00000000e0000000, 0x00000000eae00000, 0x00000000f5580000)
  object space 178176K, 62% used [0x00000000e0000000,0x00000000e6c1ba90,0x00000000eae00000)
 Metaspace       used 81443K, capacity 87716K, committed 88320K, reserved 1124352K
  class space    used 10961K, capacity 12392K, committed 12544K, reserved 1048576K
GC Heap History (10 events):
Event: 517.856 GC heap before
{Heap before GC invocations=23 (full 3):
 PSYoungGen      total 140800K, used 140685K [0x00000000f5580000, 0x0000000100000000, 0x0000000100000000)
  eden space 113664K, 100% used [0x00000000f5580000,0x00000000fc480000,0x00000000fc480000)
  from space 27136K, 99% used [0x00000000fc480000,0x00000000fdee3738,0x00000000fdf00000)
  to   space 33792K, 0% used [0x00000000fdf00000,0x00000000fdf00000,0x0000000100000000)
 ParOldGen       total 178176K, used 122796K [0x00000000e0000000, 0x00000000eae00000, 0x00000000f5580000)
  object space 178176K, 68% used [0x00000000e0000000,0x00000000e77eb348,0x00000000eae00000)
 Metaspace       used 81234K, capacity 87310K, committed 87424K, reserved 1124352K
  class space    used 10960K, capacity 12389K, committed 12416K, reserved 1048576K
Event: 517.915 GC heap after
Heap after GC invocations=23 (full 3):
 PSYoungGen      total 121344K, used 33778K [0x00000000f5580000, 0x0000000100000000, 0x0000000100000000)
  eden space 87552K, 0% used [0x00000000f5580000,0x00000000f5580000,0x00000000fab00000)
  from space 33792K, 99% used [0x00000000fdf00000,0x00000000ffffc810,0x0000000100000000)
  to   space 43520K, 0% used [0x00000000fab00000,0x00000000fab00000,0x00000000fd580000)
 ParOldGen       total 178176K, used 134674K [0x00000000e0000000, 0x00000000eae00000, 0x00000000f5580000)
  object space 178176K, 75% used [0x00000000e0000000,0x00000000e83849e8,0x00000000eae00000)
 Metaspace       used 81234K, capacity 87310K, committed 87424K, reserved 1124352K
  class space    used 10960K, capacity 12389K, committed 12416K, reserved 1048576K
}
Event: 519.436 GC heap before
{Heap before GC invocations=24 (full 3):
 PSYoungGen      total 121344K, used 121330K [0x00000000f5580000, 0x0000000100000000, 0x0000000100000000)
  eden space 87552K, 100% used [0x00000000f5580000,0x00000000fab00000,0x00000000fab00000)
  from space 33792K, 99% used [0x00000000fdf00000,0x00000000ffffc810,0x0000000100000000)
  to   space 43520K, 0% used [0x00000000fab00000,0x00000000fab00000,0x00000000fd580000)
 ParOldGen       total 178176K, used 134674K [0x00000000e0000000, 0x00000000eae00000, 0x00000000f5580000)
  object space 178176K, 75% used [0x00000000e0000000,0x00000000e83849e8,0x00000000eae00000)
 Metaspace       used 81340K, capacity 87468K, committed 87680K, reserved 1124352K
  class space    used 10974K, capacity 12414K, committed 12416K, reserved 1048576K
Event: 519.498 GC heap after
Heap after GC invocations=24 (full 3):
 PSYoungGen      total 131072K, used 22528K [0x00000000f5580000, 0x0000000100000000, 0x0000000100000000)
  eden space 87552K, 0% used [0x00000000f5580000,0x00000000f5580000,0x00000000fab00000)
  from space 43520K, 51% used [0x00000000fab00000,0x00000000fc100040,0x00000000fd580000)
  to   space 43008K, 0% used [0x00000000fd600000,0x00000000fd600000,0x0000000100000000)
 ParOldGen       total 178176K, used 152682K [0x00000000e0000000, 0x00000000eae00000, 0x00000000f5580000)
  object space 178176K, 85% used [0x00000000e0000000,0x00000000e951ab98,0x00000000eae00000)
 Metaspace       used 81340K, capacity 87468K, committed 87680K, reserved 1124352K
  class space    used 10974K, capacity 12414K, committed 12416K, reserved 1048576K
}
Event: 520.905 GC heap before
{Heap before GC invocations=25 (full 3):
 PSYoungGen      total 131072K, used 110080K [0x00000000f5580000, 0x0000000100000000, 0x0000000100000000)
  eden space 87552K, 100% used [0x00000000f5580000,0x00000000fab00000,0x00000000fab00000)
  from space 43520K, 51% used [0x00000000fab00000,0x00000000fc100040,0x00000000fd580000)
  to   space 43008K, 0% used [0x00000000fd600000,0x00000000fd600000,0x0000000100000000)
 ParOldGen       total 178176K, used 152682K [0x00000000e0000000, 0x00000000eae00000, 0x00000000f5580000)
  object space 178176K, 85% used [0x00000000e0000000,0x00000000e951ab98,0x00000000eae00000)
 Metaspace       used 81574K, capacity 87948K, committed 88064K, reserved 1124352K
  class space    used 11001K, capacity 12462K, committed 12544K, reserved 1048576K
Event: 520.940 GC heap after
Heap after GC invocations=25 (full 3):
 PSYoungGen      total 130560K, used 1968K [0x00000000f5580000, 0x00000000fff80000, 0x0000000100000000)
  eden space 88064K, 0% used [0x00000000f5580000,0x00000000f5580000,0x00000000fab80000)
  from space 42496K, 4% used [0x00000000fd600000,0x00000000fd7ec010,0x00000000fff80000)
  to   space 43008K, 0% used [0x00000000fab80000,0x00000000fab80000,0x00000000fd580000)
 ParOldGen       total 178176K, used 174021K [0x00000000e0000000, 0x00000000eae00000, 0x00000000f5580000)
  object space 178176K, 97% used [0x00000000e0000000,0x00000000ea9f1470,0x00000000eae00000)
 Metaspace       used 81574K, capacity 87948K, committed 88064K, reserved 1124352K
  class space    used 11001K, capacity 12462K, committed 12544K, reserved 1048576K
}
Event: 520.940 GC heap before
{Heap before GC invocations=26 (full 4):
 PSYoungGen      total 130560K, used 1968K [0x00000000f5580000, 0x00000000fff80000, 0x0000000100000000)
  eden space 88064K, 0% used [0x00000000f5580000,0x00000000f5580000,0x00000000fab80000)
  from space 42496K, 4% used [0x00000000fd600000,0x00000000fd7ec010,0x00000000fff80000)
  to   space 43008K, 0% used [0x00000000fab80000,0x00000000fab80000,0x00000000fd580000)
 ParOldGen       total 178176K, used 174021K [0x00000000e0000000, 0x00000000eae00000, 0x00000000f5580000)
  object space 178176K, 97% used [0x00000000e0000000,0x00000000ea9f1470,0x00000000eae00000)
 Metaspace       used 81574K, capacity 87948K, committed 88064K, reserved 1124352K
  class space    used 11001K, capacity 12462K, committed 12544K, reserved 1048576K
Event: 521.737 GC heap after
Heap after GC invocations=26 (full 4):
 PSYoungGen      total 130560K, used 0K [0x00000000f5580000, 0x00000000fff80000, 0x0000000100000000)
  eden space 88064K, 0% used [0x00000000f5580000,0x00000000f5580000,0x00000000fab80000)
  from space 42496K, 0% used [0x00000000fd600000,0x00000000fd600000,0x00000000fff80000)
  to   space 43008K, 0% used [0x00000000fab80000,0x00000000fab80000,0x00000000fd580000)
 ParOldGen       total 178176K, used 110702K [0x00000000e0000000, 0x00000000eae00000, 0x00000000f5580000)
  object space 178176K, 62% used [0x00000000e0000000,0x00000000e6c1ba90,0x00000000eae00000)
 Metaspace       used 81378K, capacity 87554K, committed 88064K, reserved 1124352K
  class space    used 10953K, capacity 12377K, committed 12544K, reserved 1048576K
}
Event: 522.945 GC heap before
{Heap before GC invocations=27 (full 4):
 PSYoungGen      total 130560K, used 88064K [0x00000000f5580000, 0x00000000fff80000, 0x0000000100000000)
  eden space 88064K, 100% used [0x00000000f5580000,0x00000000fab80000,0x00000000fab80000)
  from space 42496K, 0% used [0x00000000fd600000,0x00000000fd600000,0x00000000fff80000)
  to   space 43008K, 0% used [0x00000000fab80000,0x00000000fab80000,0x00000000fd580000)
 ParOldGen       total 178176K, used 110702K [0x00000000e0000000, 0x00000000eae00000, 0x00000000f5580000)
  object space 178176K, 62% used [0x00000000e0000000,0x00000000e6c1ba90,0x00000000eae00000)
 Metaspace       used 81414K, capacity 87606K, committed 88064K, reserved 1124352K
  class space    used 10958K, capacity 12385K, committed 12544K, reserved 1048576K
Event: 522.960 GC heap after
Heap after GC invocations=27 (full 4):
 PSYoungGen      total 131072K, used 1984K [0x00000000f5580000, 0x00000000fff80000, 0x0000000100000000)
  eden space 88064K, 0% used [0x00000000f5580000,0x00000000f5580000,0x00000000fab80000)
  from space 43008K, 4% used [0x00000000fab80000,0x00000000fad70000,0x00000000fd580000)
  to   space 42496K, 0% used [0x00000000fd600000,0x00000000fd600000,0x00000000fff80000)
 ParOldGen       total 178176K, used 110702K [0x00000000e0000000, 0x00000000eae00000, 0x00000000f5580000)
  object space 178176K, 62% used [0x00000000e0000000,0x00000000e6c1ba90,0x00000000eae00000)
 Metaspace       used 81414K, capacity 87606K, committed 88064K, reserved 1124352K
  class space    used 10958K, capacity 12385K, committed 12544K, reserved 1048576K
}

