# JRE version: Java(TM) SE Runtime Environment (8.0_241-b07) (build 1.8.0_241-b07)
# Java VM: Java HotSpot(TM) 64-Bit Server VM (25.241-b07 mixed mode windows-amd64 compressed oops)
Heap:
 PSYoungGen      total 145920K, used 89276K [0x00000000f5580000, 0x00000000fff80000, 0x0000000100000000)
  eden space 118784K, 69% used [0x00000000f5580000,0x00000000fa5fc7f8,0x00000000fc980000)
  from space 27136K, 25% used [0x00000000fe500000,0x00000000febb2a00,0x00000000fff80000)
  to   space 27648K, 0% used [0x00000000fc980000,0x00000000fc980000,0x00000000fe480000)
 ParOldGen       total 199168K, used 73106K [0x00000000e0000000, 0x00000000ec280000, 0x00000000f5580000)
  object space 199168K, 36% used [0x00000000e0000000,0x00000000e47648a0,0x00000000ec280000)
 Metaspace       used 69097K, capacity 73268K, committed 73344K, reserved 1112064K
  class space    used 9643K, capacity 10589K, committed 10624K, reserved 1048576K
GC Heap History (10 events):
Event: 33.829 GC heap before
{Heap before GC invocations=13 (full 3):
 PSYoungGen      total 145920K, used 14320K [0x00000000f5580000, 0x0000000100000000, 0x0000000100000000)
  eden space 131584K, 0% used [0x00000000f5580000,0x00000000f5580000,0x00000000fd600000)
  from space 14336K, 99% used [0x00000000ff200000,0x00000000ffffc218,0x0000000100000000)
  to   space 21504K, 0% used [0x00000000fd600000,0x00000000fd600000,0x00000000feb00000)
 ParOldGen       total 175104K, used 30374K [0x00000000e0000000, 0x00000000eab00000, 0x00000000f5580000)
  object space 175104K, 17% used [0x00000000e0000000,0x00000000e1da9830,0x00000000eab00000)
 Metaspace       used 56623K, capacity 59062K, committed 59096K, reserved 1099776K
  class space    used 7904K, capacity 8542K, committed 8576K, reserved 1048576K
Event: 34.151 GC heap after
Heap after GC invocations=13 (full 3):
 PSYoungGen      total 145920K, used 0K [0x00000000f5580000, 0x0000000100000000, 0x0000000100000000)
  eden space 131584K, 0% used [0x00000000f5580000,0x00000000f5580000,0x00000000fd600000)
  from space 14336K, 0% used [0x00000000ff200000,0x00000000ff200000,0x0000000100000000)
  to   space 21504K, 0% used [0x00000000fd600000,0x00000000fd600000,0x00000000feb00000)
 ParOldGen       total 199168K, used 35449K [0x00000000e0000000, 0x00000000ec280000, 0x00000000f5580000)
  object space 199168K, 17% used [0x00000000e0000000,0x00000000e229e558,0x00000000ec280000)
 Metaspace       used 56612K, capacity 59026K, committed 59096K, reserved 1099776K
  class space    used 7901K, capacity 8536K, committed 8576K, reserved 1048576K
}
Event: 38.165 GC heap before
{Heap before GC invocations=14 (full 3):
 PSYoungGen      total 145920K, used 131584K [0x00000000f5580000, 0x0000000100000000, 0x0000000100000000)
  eden space 131584K, 100% used [0x00000000f5580000,0x00000000fd600000,0x00000000fd600000)
  from space 14336K, 0% used [0x00000000ff200000,0x00000000ff200000,0x0000000100000000)
  to   space 21504K, 0% used [0x00000000fd600000,0x00000000fd600000,0x00000000feb00000)
 ParOldGen       total 199168K, used 35449K [0x00000000e0000000, 0x00000000ec280000, 0x00000000f5580000)
  object space 199168K, 17% used [0x00000000e0000000,0x00000000e229e558,0x00000000ec280000)
 Metaspace       used 62050K, capacity 65028K, committed 65152K, reserved 1105920K
  class space    used 8764K, capacity 9501K, committed 9600K, reserved 1048576K
Event: 38.189 GC heap after
Heap after GC invocations=14 (full 3):
 PSYoungGen      total 153088K, used 14135K [0x00000000f5580000, 0x0000000100000000, 0x0000000100000000)
  eden space 131584K, 0% used [0x00000000f5580000,0x00000000f5580000,0x00000000fd600000)
  from space 21504K, 65% used [0x00000000fd600000,0x00000000fe3cde88,0x00000000feb00000)
  to   space 21504K, 0% used [0x00000000feb00000,0x00000000feb00000,0x0000000100000000)
 ParOldGen       total 199168K, used 35457K [0x00000000e0000000, 0x00000000ec280000, 0x00000000f5580000)
  object space 199168K, 17% used [0x00000000e0000000,0x00000000e22a0558,0x00000000ec280000)
 Metaspace       used 62050K, capacity 65028K, committed 65152K, reserved 1105920K
  class space    used 8764K, capacity 9501K, committed 9600K, reserved 1048576K
}
Event: 42.185 GC heap before
{Heap before GC invocations=15 (full 3):
 PSYoungGen      total 153088K, used 145719K [0x00000000f5580000, 0x0000000100000000, 0x0000000100000000)
  eden space 131584K, 100% used [0x00000000f5580000,0x00000000fd600000,0x00000000fd600000)
  from space 21504K, 65% used [0x00000000fd600000,0x00000000fe3cde88,0x00000000feb00000)
  to   space 21504K, 0% used [0x00000000feb00000,0x00000000feb00000,0x0000000100000000)
 ParOldGen       total 199168K, used 35457K [0x00000000e0000000, 0x00000000ec280000, 0x00000000f5580000)
  object space 199168K, 17% used [0x00000000e0000000,0x00000000e22a0558,0x00000000ec280000)
 Metaspace       used 66150K, capacity 70048K, committed 70144K, reserved 1110016K
  class space    used 9304K, capacity 10227K, committed 10240K, reserved 1048576K
Event: 42.228 GC heap after
Heap after GC invocations=15 (full 3):
 PSYoungGen      total 139776K, used 21488K [0x00000000f5580000, 0x0000000100000000, 0x0000000100000000)
  eden space 118272K, 0% used [0x00000000f5580000,0x00000000f5580000,0x00000000fc900000)
  from space 21504K, 99% used [0x00000000feb00000,0x00000000ffffc030,0x0000000100000000)
  to   space 28160K, 0% used [0x00000000fc900000,0x00000000fc900000,0x00000000fe480000)
 ParOldGen       total 199168K, used 46029K [0x00000000e0000000, 0x00000000ec280000, 0x00000000f5580000)
  object space 199168K, 23% used [0x00000000e0000000,0x00000000e2cf3480,0x00000000ec280000)
 Metaspace       used 66150K, capacity 70048K, committed 70144K, reserved 1110016K
  class space    used 9304K, capacity 10227K, committed 10240K, reserved 1048576K
}
Event: 45.169 GC heap before
{Heap before GC invocations=16 (full 3):
 PSYoungGen      total 139776K, used 139760K [0x00000000f5580000, 0x0000000100000000, 0x0000000100000000)
  eden space 118272K, 100% used [0x00000000f5580000,0x00000000fc900000,0x00000000fc900000)
  from space 21504K, 99% used [0x00000000feb00000,0x00000000ffffc030,0x0000000100000000)
  to   space 28160K, 0% used [0x00000000fc900000,0x00000000fc900000,0x00000000fe480000)
 ParOldGen       total 199168K, used 46029K [0x00000000e0000000, 0x00000000ec280000, 0x00000000f5580000)
  object space 199168K, 23% used [0x00000000e0000000,0x00000000e2cf3480,0x00000000ec280000)
 Metaspace       used 67713K, capacity 71762K, committed 71936K, reserved 1110016K
  class space    used 9484K, capacity 10398K, committed 10496K, reserved 1048576K
Event: 45.230 GC heap after
Heap after GC invocations=16 (full 3):
 PSYoungGen      total 146432K, used 6700K [0x00000000f5580000, 0x0000000100000000, 0x0000000100000000)
  eden space 118272K, 0% used [0x00000000f5580000,0x00000000f5580000,0x00000000fc900000)
  from space 28160K, 23% used [0x00000000fc900000,0x00000000fcf8b050,0x00000000fe480000)
  to   space 27648K, 0% used [0x00000000fe500000,0x00000000fe500000,0x0000000100000000)
 ParOldGen       total 199168K, used 67346K [0x00000000e0000000, 0x00000000ec280000, 0x00000000f5580000)
  object space 199168K, 33% used [0x00000000e0000000,0x00000000e41c4948,0x00000000ec280000)
 Metaspace       used 67713K, capacity 71762K, committed 71936K, reserved 1110016K
  class space    used 9484K, capacity 10398K, committed 10496K, reserved 1048576K
}
Event: 47.999 GC heap before
{Heap before GC invocations=17 (full 3):
 PSYoungGen      total 146432K, used 124972K [0x00000000f5580000, 0x0000000100000000, 0x0000000100000000)
  eden space 118272K, 100% used [0x00000000f5580000,0x00000000fc900000,0x00000000fc900000)
  from space 28160K, 23% used [0x00000000fc900000,0x00000000fcf8b050,0x00000000fe480000)
  to   space 27648K, 0% used [0x00000000fe500000,0x00000000fe500000,0x0000000100000000)
 ParOldGen       total 199168K, used 67346K [0x00000000e0000000, 0x00000000ec280000, 0x00000000f5580000)
  object space 199168K, 33% used [0x00000000e0000000,0x00000000e41c4948,0x00000000ec280000)
 Metaspace       used 68321K, capacity 72558K, committed 72704K, reserved 1112064K
  class space    used 9548K, capacity 10472K, committed 10496K, reserved 1048576K
Event: 48.036 GC heap after
Heap after GC invocations=17 (full 3):
 PSYoungGen      total 145920K, used 6858K [0x00000000f5580000, 0x00000000fff80000, 0x0000000100000000)
  eden space 118784K, 0% used [0x00000000f5580000,0x00000000f5580000,0x00000000fc980000)
  from space 27136K, 25% used [0x00000000fe500000,0x00000000febb2a00,0x00000000fff80000)
  to   space 27648K, 0% used [0x00000000fc980000,0x00000000fc980000,0x00000000fe480000)
 ParOldGen       total 199168K, used 73106K [0x00000000e0000000, 0x00000000ec280000, 0x00000000f5580000)
  object space 199168K, 36% used [0x00000000e0000000,0x00000000e47648a0,0x00000000ec280000)
 Metaspace       used 68321K, capacity 72558K, committed 72704K, reserved 1112064K
  class space    used 9548K, capacity 10472K, committed 10496K, reserved 1048576K
}

