# JRE version: Java(TM) SE Runtime Environment (8.0_241-b07) (build 1.8.0_241-b07)
# Java VM: Java HotSpot(TM) 64-Bit Server VM (25.241-b07 mixed mode windows-amd64 compressed oops)
Heap:
 PSYoungGen      total 127488K, used 51119K [0x00000000f5580000, 0x0000000100000000, 0x0000000100000000)
  eden space 114688K, 44% used [0x00000000f5580000,0x00000000f876bdb8,0x00000000fc580000)
  from space 12800K, 0% used [0x00000000fc580000,0x00000000fc580000,0x00000000fd200000)
  to   space 13312K, 0% used [0x00000000ff300000,0x00000000ff300000,0x0000000100000000)
 ParOldGen       total 175104K, used 16825K [0x00000000e0000000, 0x00000000eab00000, 0x00000000f5580000)
  object space 175104K, 9% used [0x00000000e0000000,0x00000000e106e7f8,0x00000000eab00000)
 Metaspace       used 36467K, capacity 37892K, committed 38016K, reserved 1081344K
  class space    used 5111K, capacity 5482K, committed 5504K, reserved 1048576K
GC Heap History (10 events):
Event: 5.287 GC heap before
{Heap before GC invocations=5 (full 1):
 PSYoungGen      total 76288K, used 6916K [0x00000000f5580000, 0x00000000fea80000, 0x0000000100000000)
  eden space 65536K, 0% used [0x00000000f5580000,0x00000000f5580000,0x00000000f9580000)
  from space 10752K, 64% used [0x00000000fa000000,0x00000000fa6c1050,0x00000000faa80000)
  to   space 10752K, 0% used [0x00000000f9580000,0x00000000f9580000,0x00000000fa000000)
 ParOldGen       total 175104K, used 648K [0x00000000e0000000, 0x00000000eab00000, 0x00000000f5580000)
  object space 175104K, 0% used [0x00000000e0000000,0x00000000e00a2370,0x00000000eab00000)
 Metaspace       used 20684K, capacity 21246K, committed 21296K, reserved 1067008K
  class space    used 2981K, capacity 3159K, committed 3200K, reserved 1048576K
Event: 5.335 GC heap after
Heap after GC invocations=5 (full 1):
 PSYoungGen      total 76288K, used 0K [0x00000000f5580000, 0x00000000fea80000, 0x0000000100000000)
  eden space 65536K, 0% used [0x00000000f5580000,0x00000000f5580000,0x00000000f9580000)
  from space 10752K, 0% used [0x00000000fa000000,0x00000000fa000000,0x00000000faa80000)
  to   space 10752K, 0% used [0x00000000f9580000,0x00000000f9580000,0x00000000fa000000)
 ParOldGen       total 175104K, used 6782K [0x00000000e0000000, 0x00000000eab00000, 0x00000000f5580000)
  object space 175104K, 3% used [0x00000000e0000000,0x00000000e069f820,0x00000000eab00000)
 Metaspace       used 20684K, capacity 21246K, committed 21296K, reserved 1067008K
  class space    used 2981K, capacity 3159K, committed 3200K, reserved 1048576K
}
Event: 7.094 GC heap before
{Heap before GC invocations=6 (full 1):
 PSYoungGen      total 76288K, used 65536K [0x00000000f5580000, 0x00000000fea80000, 0x0000000100000000)
  eden space 65536K, 100% used [0x00000000f5580000,0x00000000f9580000,0x00000000f9580000)
  from space 10752K, 0% used [0x00000000fa000000,0x00000000fa000000,0x00000000faa80000)
  to   space 10752K, 0% used [0x00000000f9580000,0x00000000f9580000,0x00000000fa000000)
 ParOldGen       total 175104K, used 6782K [0x00000000e0000000, 0x00000000eab00000, 0x00000000f5580000)
  object space 175104K, 3% used [0x00000000e0000000,0x00000000e069f820,0x00000000eab00000)
 Metaspace       used 29272K, capacity 29910K, committed 30080K, reserved 1075200K
  class space    used 4017K, capacity 4197K, committed 4224K, reserved 1048576K
Event: 7.113 GC heap after
Heap after GC invocations=6 (full 1):
 PSYoungGen      total 76288K, used 8473K [0x00000000f5580000, 0x00000000fe000000, 0x0000000100000000)
  eden space 65536K, 0% used [0x00000000f5580000,0x00000000f5580000,0x00000000f9580000)
  from space 10752K, 78% used [0x00000000f9580000,0x00000000f9dc6640,0x00000000fa000000)
  to   space 12288K, 0% used [0x00000000fd400000,0x00000000fd400000,0x00000000fe000000)
 ParOldGen       total 175104K, used 6790K [0x00000000e0000000, 0x00000000eab00000, 0x00000000f5580000)
  object space 175104K, 3% used [0x00000000e0000000,0x00000000e06a1820,0x00000000eab00000)
 Metaspace       used 29272K, capacity 29910K, committed 30080K, reserved 1075200K
  class space    used 4017K, capacity 4197K, committed 4224K, reserved 1048576K
}
Event: 12.618 GC heap before
{Heap before GC invocations=7 (full 1):
 PSYoungGen      total 76288K, used 74009K [0x00000000f5580000, 0x00000000fe000000, 0x0000000100000000)
  eden space 65536K, 100% used [0x00000000f5580000,0x00000000f9580000,0x00000000f9580000)
  from space 10752K, 78% used [0x00000000f9580000,0x00000000f9dc6640,0x00000000fa000000)
  to   space 12288K, 0% used [0x00000000fd400000,0x00000000fd400000,0x00000000fe000000)
 ParOldGen       total 175104K, used 6790K [0x00000000e0000000, 0x00000000eab00000, 0x00000000f5580000)
  object space 175104K, 3% used [0x00000000e0000000,0x00000000e06a1820,0x00000000eab00000)
 Metaspace       used 32154K, capacity 33056K, committed 33152K, reserved 1077248K
  class space    used 4494K, capacity 4719K, committed 4736K, reserved 1048576K
Event: 12.630 GC heap after
Heap after GC invocations=7 (full 1):
 PSYoungGen      total 124928K, used 10272K [0x00000000f5580000, 0x00000000fde80000, 0x0000000100000000)
  eden space 114176K, 0% used [0x00000000f5580000,0x00000000f5580000,0x00000000fc500000)
  from space 10752K, 95% used [0x00000000fd400000,0x00000000fde08090,0x00000000fde80000)
  to   space 12800K, 0% used [0x00000000fc580000,0x00000000fc580000,0x00000000fd200000)
 ParOldGen       total 175104K, used 6798K [0x00000000e0000000, 0x00000000eab00000, 0x00000000f5580000)
  object space 175104K, 3% used [0x00000000e0000000,0x00000000e06a3820,0x00000000eab00000)
 Metaspace       used 32154K, capacity 33056K, committed 33152K, reserved 1077248K
  class space    used 4494K, capacity 4719K, committed 4736K, reserved 1048576K
}
Event: 13.282 GC heap before
{Heap before GC invocations=8 (full 1):
 PSYoungGen      total 124928K, used 50242K [0x00000000f5580000, 0x00000000fde80000, 0x0000000100000000)
  eden space 114176K, 35% used [0x00000000f5580000,0x00000000f7c88ae8,0x00000000fc500000)
  from space 10752K, 95% used [0x00000000fd400000,0x00000000fde08090,0x00000000fde80000)
  to   space 12800K, 0% used [0x00000000fc580000,0x00000000fc580000,0x00000000fd200000)
 ParOldGen       total 175104K, used 6798K [0x00000000e0000000, 0x00000000eab00000, 0x00000000f5580000)
  object space 175104K, 3% used [0x00000000e0000000,0x00000000e06a3820,0x00000000eab00000)
 Metaspace       used 34303K, capacity 35300K, committed 35456K, reserved 1079296K
  class space    used 4827K, capacity 5131K, committed 5248K, reserved 1048576K
Event: 13.312 GC heap after
Heap after GC invocations=8 (full 1):
 PSYoungGen      total 127488K, used 10541K [0x00000000f5580000, 0x0000000100000000, 0x0000000100000000)
  eden space 114688K, 0% used [0x00000000f5580000,0x00000000f5580000,0x00000000fc580000)
  from space 12800K, 82% used [0x00000000fc580000,0x00000000fcfcb4d0,0x00000000fd200000)
  to   space 13312K, 0% used [0x00000000ff300000,0x00000000ff300000,0x0000000100000000)
 ParOldGen       total 175104K, used 6806K [0x00000000e0000000, 0x00000000eab00000, 0x00000000f5580000)
  object space 175104K, 3% used [0x00000000e0000000,0x00000000e06a5820,0x00000000eab00000)
 Metaspace       used 34303K, capacity 35300K, committed 35456K, reserved 1079296K
  class space    used 4827K, capacity 5131K, committed 5248K, reserved 1048576K
}
Event: 13.312 GC heap before
{Heap before GC invocations=9 (full 2):
 PSYoungGen      total 127488K, used 10541K [0x00000000f5580000, 0x0000000100000000, 0x0000000100000000)
  eden space 114688K, 0% used [0x00000000f5580000,0x00000000f5580000,0x00000000fc580000)
  from space 12800K, 82% used [0x00000000fc580000,0x00000000fcfcb4d0,0x00000000fd200000)
  to   space 13312K, 0% used [0x00000000ff300000,0x00000000ff300000,0x0000000100000000)
 ParOldGen       total 175104K, used 6806K [0x00000000e0000000, 0x00000000eab00000, 0x00000000f5580000)
  object space 175104K, 3% used [0x00000000e0000000,0x00000000e06a5820,0x00000000eab00000)
 Metaspace       used 34303K, capacity 35300K, committed 35456K, reserved 1079296K
  class space    used 4827K, capacity 5131K, committed 5248K, reserved 1048576K
Event: 13.394 GC heap after
Heap after GC invocations=9 (full 2):
 PSYoungGen      total 127488K, used 0K [0x00000000f5580000, 0x0000000100000000, 0x0000000100000000)
  eden space 114688K, 0% used [0x00000000f5580000,0x00000000f5580000,0x00000000fc580000)
  from space 12800K, 0% used [0x00000000fc580000,0x00000000fc580000,0x00000000fd200000)
  to   space 13312K, 0% used [0x00000000ff300000,0x00000000ff300000,0x0000000100000000)
 ParOldGen       total 175104K, used 16825K [0x00000000e0000000, 0x00000000eab00000, 0x00000000f5580000)
  object space 175104K, 9% used [0x00000000e0000000,0x00000000e106e7f8,0x00000000eab00000)
 Metaspace       used 34303K, capacity 35300K, committed 35456K, reserved 1079296K
  class space    used 4827K, capacity 5131K, committed 5248K, reserved 1048576K
}

